Using pre-set license
Built from '2020.3/china_unity/release' branch; Version is '2021.3.41f1c1 (abf9ed549ceb) revision 11270637'; Using compiler version '192829333'; Build Type 'Release'
OS: 'Windows 10  (10.0.19043) 64bit Professional' Language: 'zh' Physical Memory: 65440 MB
BatchMode: 1, IsHumanControllingUs: 0, StartBugReporterOnCrash: 0, Is64bit: 1, IsPro: 1

COMMAND LINE ARGUMENTS:
D:\Unity Hub\Editor\2021.3.41f1c1\Editor\Unity.exe
-adb2
-batchMode
-noUpm
-name
AssetImportWorker2
-projectPath
C:/Users/Administrator/Downloads/Cuttingfeast-main/Cuttingfeast-main/ObejctBall Slicing
-logFile
Logs/AssetImportWorker2.log
-srvPort
62302
Successfully changed project path to: C:/Users/Administrator/Downloads/Cuttingfeast-main/Cuttingfeast-main/ObejctBall Slicing
C:/Users/Administrator/Downloads/Cuttingfeast-main/Cuttingfeast-main/ObejctBall Slicing
[UnityMemory] Configuration Parameters - Can be set up in boot.config
    "memorysetup-bucket-allocator-granularity=16"
    "memorysetup-bucket-allocator-bucket-count=8"
    "memorysetup-bucket-allocator-block-size=33554432"
    "memorysetup-bucket-allocator-block-count=8"
    "memorysetup-main-allocator-block-size=16777216"
    "memorysetup-thread-allocator-block-size=16777216"
    "memorysetup-gfx-main-allocator-block-size=16777216"
    "memorysetup-gfx-thread-allocator-block-size=16777216"
    "memorysetup-cache-allocator-block-size=4194304"
    "memorysetup-typetree-allocator-block-size=2097152"
    "memorysetup-profiler-bucket-allocator-granularity=16"
    "memorysetup-profiler-bucket-allocator-bucket-count=8"
    "memorysetup-profiler-bucket-allocator-block-size=33554432"
    "memorysetup-profiler-bucket-allocator-block-count=8"
    "memorysetup-profiler-allocator-block-size=16777216"
    "memorysetup-profiler-editor-allocator-block-size=1048576"
    "memorysetup-temp-allocator-size-main=16777216"
    "memorysetup-job-temp-allocator-block-size=2097152"
    "memorysetup-job-temp-allocator-block-size-background=1048576"
    "memorysetup-job-temp-allocator-reduction-small-platforms=262144"
    "memorysetup-temp-allocator-size-background-worker=32768"
    "memorysetup-temp-allocator-size-job-worker=262144"
    "memorysetup-temp-allocator-size-preload-manager=33554432"
    "memorysetup-temp-allocator-size-nav-mesh-worker=65536"
    "memorysetup-temp-allocator-size-audio-worker=65536"
    "memorysetup-temp-allocator-size-cloud-worker=32768"
    "memorysetup-temp-allocator-size-gi-baking-worker=262144"
    "memorysetup-temp-allocator-size-gfx=262144"
Player connection [40440] Host "[IP] 192.168.31.204 [Port] 0 [Flags] 2 [Guid] 1175138154 [EditorId] 1175138154 [Version] 1048832 [Id] WindowsEditor(7,BF-202501021008) [Debug] 1 [PackageName] WindowsEditor [ProjectName] Editor" joined multi-casting on [225.0.0.222:54997]...

Player connection [40440] Host "[IP] 192.168.31.204 [Port] 0 [Flags] 2 [Guid] 1175138154 [EditorId] 1175138154 [Version] 1048832 [Id] WindowsEditor(7,BF-202501021008) [Debug] 1 [PackageName] WindowsEditor [ProjectName] Editor" joined alternative multi-casting on [225.0.0.222:34997]...

AS: AutoStreaming module initializing.
[Physics::Module] Initialized MultithreadedJobDispatcher with {0} workers.
Refreshing native plugins compatible for Editor in 91.27 ms, found 3 plugins.
Preloading 0 native plugins for Editor in 0.00 ms.
Initialize engine version: 2021.3.41f1c1 (abf9ed549ceb)
[Subsystems] Discovering subsystems at path D:/Unity Hub/Editor/2021.3.41f1c1/Editor/Data/Resources/UnitySubsystems
[Subsystems] Discovering subsystems at path C:/Users/Administrator/Downloads/Cuttingfeast-main/Cuttingfeast-main/ObejctBall Slicing/Assets
GfxDevice: creating device client; threaded=0; jobified=0
Direct3D:
    Version:  Direct3D 11.0 [level 11.1]
    Renderer: NVIDIA GeForce GTX 1050 (ID=0x1c8d)
    Vendor:   NVIDIA
    VRAM:     4004 MB
    Driver:   32.0.15.6636
Initialize mono
Mono path[0] = 'D:/Unity Hub/Editor/2021.3.41f1c1/Editor/Data/Managed'
Mono path[1] = 'D:/Unity Hub/Editor/2021.3.41f1c1/Editor/Data/MonoBleedingEdge/lib/mono/unityjit-win32'
Mono config path = 'D:/Unity Hub/Editor/2021.3.41f1c1/Editor/Data/MonoBleedingEdge/etc'
Using monoOptions --debugger-agent=transport=dt_socket,embedding=1,server=y,suspend=n,address=127.0.0.1:56820
Begin MonoManager ReloadAssembly
Registering precompiled unity dll's ...
Register platform support module: D:/Unity Hub/Editor/2021.3.41f1c1/Editor/Data/PlaybackEngines/WebGLSupport/UnityEditor.WebGL.Extensions.dll
Register platform support module: D:/Unity Hub/Editor/2021.3.41f1c1/Editor/Data/PlaybackEngines/WindowsStandaloneSupport/UnityEditor.WindowsStandalone.Extensions.dll
Registered in 0.008753 seconds.
Native extension for WindowsStandalone target not found
Native extension for WebGL target not found
Refreshing native plugins compatible for Editor in 69.52 ms, found 3 plugins.
Preloading 0 native plugins for Editor in 0.00 ms.
Mono: successfully reloaded assembly
- Completed reload, in  0.886 seconds
Domain Reload Profiling:
	ReloadAssembly (886ms)
		BeginReloadAssembly (134ms)
			ExecutionOrderSort (0ms)
			DisableScriptedObjects (0ms)
			BackupInstance (0ms)
			ReleaseScriptingObjects (0ms)
			CreateAndSetChildDomain (1ms)
		EndReloadAssembly (604ms)
			LoadAssemblies (131ms)
			RebuildTransferFunctionScriptingTraits (0ms)
			SetupTypeCache (170ms)
			ReleaseScriptCaches (0ms)
			RebuildScriptCaches (39ms)
			SetupLoadedEditorAssemblies (336ms)
				LogAssemblyErrors (0ms)
				InitializePlatformSupportModulesInManaged (11ms)
				SetLoadedEditorAssemblies (0ms)
				RefreshPlugins (70ms)
				BeforeProcessingInitializeOnLoad (2ms)
				ProcessInitializeOnLoadAttributes (190ms)
				ProcessInitializeOnLoadMethodAttributes (63ms)
				AfterProcessingInitializeOnLoad (0ms)
				EditorAssembliesLoaded (0ms)
			ExecutionOrderSort2 (0ms)
			AwakeInstancesAfterBackupRestoration (0ms)
Platform modules already initialized, skipping
Registering precompiled user dll's ...
Registered in 0.011073 seconds.
Begin MonoManager ReloadAssembly
Native extension for WindowsStandalone target not found
Native extension for WebGL target not found
Refreshing native plugins compatible for Editor in 0.77 ms, found 3 plugins.
Preloading 0 native plugins for Editor in 0.00 ms.
Package Manager log level set to [2]
[Package Manager] Server::EnsureServerProcessIsRunning -- launch failed, reason: Unity was launched with the -noUpm command-line argument
[Package Manager] Cannot connect to Unity Package Manager local server
Mono: successfully reloaded assembly
- Completed reload, in  1.985 seconds
Domain Reload Profiling:
	ReloadAssembly (1986ms)
		BeginReloadAssembly (208ms)
			ExecutionOrderSort (0ms)
			DisableScriptedObjects (10ms)
			BackupInstance (0ms)
			ReleaseScriptingObjects (0ms)
			CreateAndSetChildDomain (30ms)
		EndReloadAssembly (1603ms)
			LoadAssemblies (151ms)
			RebuildTransferFunctionScriptingTraits (0ms)
			SetupTypeCache (426ms)
			ReleaseScriptCaches (1ms)
			RebuildScriptCaches (67ms)
			SetupLoadedEditorAssemblies (947ms)
				LogAssemblyErrors (0ms)
				InitializePlatformSupportModulesInManaged (7ms)
				SetLoadedEditorAssemblies (1ms)
				RefreshPlugins (1ms)
				BeforeProcessingInitializeOnLoad (81ms)
				ProcessInitializeOnLoadAttributes (790ms)
				ProcessInitializeOnLoadMethodAttributes (59ms)
				AfterProcessingInitializeOnLoad (7ms)
				EditorAssembliesLoaded (0ms)
			ExecutionOrderSort2 (0ms)
			AwakeInstancesAfterBackupRestoration (7ms)
Platform modules already initialized, skipping
========================================================================
Worker process is ready to serve import requests
Launched and connected shader compiler UnityShaderCompiler.exe after 0.06 seconds
Refreshing native plugins compatible for Editor in 0.83 ms, found 3 plugins.
Preloading 0 native plugins for Editor in 0.00 ms.
Unloading 3160 Unused Serialized files (Serialized files now loaded: 0)
Unloading 30 unused Assets / (46.4 KB). Loaded Objects now: 3635.
Memory consumption went from 116.8 MB to 116.8 MB.
Total: 4.259000 ms (FindLiveObjects: 0.350700 ms CreateObjectMapping: 0.210600 ms MarkObjects: 3.599400 ms  DeleteObjects: 0.097000 ms)

AssetImportParameters requested are different than current active one (requested -> active):
  custom:video-decoder-ogg-theora: a1e56fd34408186e4bbccfd4996cb3dc -> 
  custom:container-muxer-webm: aa71ff27fc2769a1b78a27578f13a17b -> 
  custom:container-demuxer-webm: 4f35f7cbe854078d1ac9338744f61a02 -> 
  custom:video-encoder-webm-vp8: eb34c28f22e8b96e1ab97ce403110664 -> 
  custom:CustomObjectIndexerAttribute: bc11b3a6c3213fcdd17b65e7da85e133 -> 
  custom:audio-encoder-webm-vorbis: bf7c407c2cedff20999df2af8eb42d56 -> 
  custom:framework-win-MediaFoundation: 216162199b28c13a410421893ffa2e32 -> 
  custom:SearchIndexIgnoredProperties: e643bd26f0fe6173181afceb89e7c659 -> 
  custom:container-demuxer-ogg: 62fdf1f143b41e24485cea50d1cbac27 -> 
  custom:video-decoder-webm-vp8: 9c59270c3fd7afecdb556c50c9e8de78 -> 
  custom:audio-decoder-ogg-vorbis: bf7c407c2cedff20999df2af8eb42d56 -> 
========================================================================
Received Import Request.
  Time since last request: 24645.849088 seconds.
  path: Assets/ObjectSlicingGameExample/OSG_Prefabs
  artifactKey: Guid(e2a1b2731d5291a45947f32f1378c199) Importer(815301076,1909f56bfc062723c751e8b465ee728b)
Number of updated assets reloaded before import = 0
Start importing Assets/ObjectSlicingGameExample/OSG_Prefabs using Guid(e2a1b2731d5291a45947f32f1378c199) Importer(815301076,1909f56bfc062723c751e8b465ee728b)  -> (artifact id: '72f2f4cc01dc9a67ef73a7a1d7bd6c16') in 0.009306 seconds 
Number of asset objects unloaded after import = 0
========================================================================
Received Import Request.
  Time since last request: 0.396600 seconds.
  path: Assets/ObjectSlicingGameExample/OSG_PhysMaterials
  artifactKey: Guid(4be0bf4dd2706cf4e897d8fe66f335b9) Importer(815301076,1909f56bfc062723c751e8b465ee728b)
Number of updated assets reloaded before import = 0
Start importing Assets/ObjectSlicingGameExample/OSG_PhysMaterials using Guid(4be0bf4dd2706cf4e897d8fe66f335b9) Importer(815301076,1909f56bfc062723c751e8b465ee728b)  -> (artifact id: '3920229c8fb7b2738ae60e9e9480d8e4') in 0.001826 seconds 
Number of asset objects unloaded after import = 0
========================================================================
Received Import Request.
  Time since last request: 0.396158 seconds.
  path: Assets/ObjectSlicingGameExample/OSG_Models
  artifactKey: Guid(06a8a0cdb69d86f48a61da1251e7253f) Importer(815301076,1909f56bfc062723c751e8b465ee728b)
Number of updated assets reloaded before import = 0
Start importing Assets/ObjectSlicingGameExample/OSG_Models using Guid(06a8a0cdb69d86f48a61da1251e7253f) Importer(815301076,1909f56bfc062723c751e8b465ee728b)  -> (artifact id: 'dfd666ffaebe887b655a61e893b3c0df') in 0.001546 seconds 
Number of asset objects unloaded after import = 0
========================================================================
Received Import Request.
  Time since last request: 0.420569 seconds.
  path: Assets/ObjectSlicingGameExample/OSG_Fonts
  artifactKey: Guid(177f970dd89f67f4bb8965a38649b71a) Importer(815301076,1909f56bfc062723c751e8b465ee728b)
Number of updated assets reloaded before import = 0
Start importing Assets/ObjectSlicingGameExample/OSG_Fonts using Guid(177f970dd89f67f4bb8965a38649b71a) Importer(815301076,1909f56bfc062723c751e8b465ee728b)  -> (artifact id: 'b2ac23436aa406c90f0ade956e09f937') in 0.001586 seconds 
Number of asset objects unloaded after import = 0
========================================================================
Received Import Request.
  Time since last request: 0.780593 seconds.
  path: Assets/ObjectSlicingGameExample/OSG_DocsAndAbout
  artifactKey: Guid(d960a64d39f1c764da16536651c200fd) Importer(815301076,1909f56bfc062723c751e8b465ee728b)
Number of updated assets reloaded before import = 0
Start importing Assets/ObjectSlicingGameExample/OSG_DocsAndAbout using Guid(d960a64d39f1c764da16536651c200fd) Importer(815301076,1909f56bfc062723c751e8b465ee728b)  -> (artifact id: 'de11b296110562b0c92a3d81ee405ad7') in 0.001528 seconds 
Number of asset objects unloaded after import = 0
========================================================================
Received Import Request.
  Time since last request: 2.528884 seconds.
  path: Assets/ObjectSlicingGameExample/OSG_UnityAnimations
  artifactKey: Guid(a0a6e50004b6a4f4f849fa8efb04187a) Importer(815301076,1909f56bfc062723c751e8b465ee728b)
Number of updated assets reloaded before import = 0
Start importing Assets/ObjectSlicingGameExample/OSG_UnityAnimations using Guid(a0a6e50004b6a4f4f849fa8efb04187a) Importer(815301076,1909f56bfc062723c751e8b465ee728b)  -> (artifact id: '4cc1759d02934fe26d9f3abf8e485411') in 0.001561 seconds 
Number of asset objects unloaded after import = 0
========================================================================
Received Import Request.
  Time since last request: 2.630570 seconds.
  path: Assets/ObjectSlicingGameExample/OSG_Sounds
  artifactKey: Guid(d76ee888aaf197445b456dd105839471) Importer(815301076,1909f56bfc062723c751e8b465ee728b)
Number of updated assets reloaded before import = 0
Start importing Assets/ObjectSlicingGameExample/OSG_Sounds using Guid(d76ee888aaf197445b456dd105839471) Importer(815301076,1909f56bfc062723c751e8b465ee728b)  -> (artifact id: 'c0a8d353cc198ea3079af5ad1f766551') in 0.001516 seconds 
Number of asset objects unloaded after import = 0
========================================================================
Received Import Request.
  Time since last request: 0.900494 seconds.
  path: Assets/ObjectSlicingGameExample/OSG_Shaders
  artifactKey: Guid(3070271c07ad1574d903276ba71225ca) Importer(815301076,1909f56bfc062723c751e8b465ee728b)
Number of updated assets reloaded before import = 0
Start importing Assets/ObjectSlicingGameExample/OSG_Shaders using Guid(3070271c07ad1574d903276ba71225ca) Importer(815301076,1909f56bfc062723c751e8b465ee728b)  -> (artifact id: 'ab3cffd796093f283bcb28a6930a4d20') in 0.001758 seconds 
Number of asset objects unloaded after import = 0
========================================================================
Received Import Request.
  Time since last request: 0.944262 seconds.
  path: Assets/ObjectSlicingGameExample/OSG_Scenes
  artifactKey: Guid(42dc4b1a018bbbf4c873ae6d9d5ed88a) Importer(815301076,1909f56bfc062723c751e8b465ee728b)
Number of updated assets reloaded before import = 0
Start importing Assets/ObjectSlicingGameExample/OSG_Scenes using Guid(42dc4b1a018bbbf4c873ae6d9d5ed88a) Importer(815301076,1909f56bfc062723c751e8b465ee728b)  -> (artifact id: 'bc6129ba67f1f5c2d980639f70de3879') in 0.001475 seconds 
Number of asset objects unloaded after import = 0
========================================================================
Received Import Request.
  Time since last request: 1.901252 seconds.
  path: Assets/ObjectSlicingGameExample/OSG_Scenes/OSG_ReleaseScenes
  artifactKey: Guid(a1771cc73e2034b469686739ec82cc6c) Importer(815301076,1909f56bfc062723c751e8b465ee728b)
Number of updated assets reloaded before import = 0
Start importing Assets/ObjectSlicingGameExample/OSG_Scenes/OSG_ReleaseScenes using Guid(a1771cc73e2034b469686739ec82cc6c) Importer(815301076,1909f56bfc062723c751e8b465ee728b)  -> (artifact id: 'fce4cf6f49f0f2a7b3c88af4a2d408ba') in 0.001852 seconds 
Number of asset objects unloaded after import = 0
========================================================================
Received Import Request.
  Time since last request: 0.092885 seconds.
  path: Assets/ObjectSlicingGameExample/OSG_Scenes/OSG_ReleaseScenes/市场营销_ 媒体_ 运动员_ 社交的_ 视频_ 网站_ Yo_爱给网_aigei_com.png
  artifactKey: Guid(2d070728770a19443a9ed03e88460ed1) Importer(815301076,1909f56bfc062723c751e8b465ee728b)
Number of updated assets reloaded before import = 0
Start importing Assets/ObjectSlicingGameExample/OSG_Scenes/OSG_ReleaseScenes/市场营销_ 媒体_ 运动员_ 社交的_ 视频_ 网站_ Yo_爱给网_aigei_com.png using Guid(2d070728770a19443a9ed03e88460ed1) Importer(815301076,1909f56bfc062723c751e8b465ee728b)  -> (artifact id: '5a284270d18e8bc39883c21d86b2c3ad') in 0.200399 seconds 
Number of asset objects unloaded after import = 3
========================================================================
Received Import Request.
  Time since last request: 1.401973 seconds.
  path: Assets/ObjectSlicingGameExample/OSG_Scenes/OSG_ReleaseScenes/Scene_0_SplashScreen.unity
  artifactKey: Guid(ca7d1be6e660eff43b1ce891b44fe601) Importer(815301076,1909f56bfc062723c751e8b465ee728b)
Number of updated assets reloaded before import = 0
Start importing Assets/ObjectSlicingGameExample/OSG_Scenes/OSG_ReleaseScenes/Scene_0_SplashScreen.unity using Guid(ca7d1be6e660eff43b1ce891b44fe601) Importer(815301076,1909f56bfc062723c751e8b465ee728b)  -> (artifact id: 'bd1dea11f3d925694c4531583b82f782') in 0.001641 seconds 
Number of asset objects unloaded after import = 0
========================================================================
Received Prepare
Registering precompiled user dll's ...
Registered in 0.012004 seconds.
Begin MonoManager ReloadAssembly
Native extension for WindowsStandalone target not found
Native extension for WebGL target not found
Refreshing native plugins compatible for Editor in 0.79 ms, found 3 plugins.
Preloading 0 native plugins for Editor in 0.00 ms.
[Package Manager] Server::EnsureServerProcessIsRunning -- launch failed, reason: Unity was launched with the -noUpm command-line argument
[Package Manager] Cannot connect to Unity Package Manager local server
Mono: successfully reloaded assembly
- Completed reload, in  1.862 seconds
Domain Reload Profiling:
	ReloadAssembly (1863ms)
		BeginReloadAssembly (204ms)
			ExecutionOrderSort (0ms)
			DisableScriptedObjects (7ms)
			BackupInstance (0ms)
			ReleaseScriptingObjects (0ms)
			CreateAndSetChildDomain (54ms)
		EndReloadAssembly (1528ms)
			LoadAssemblies (128ms)
			RebuildTransferFunctionScriptingTraits (0ms)
			SetupTypeCache (393ms)
			ReleaseScriptCaches (2ms)
			RebuildScriptCaches (56ms)
			SetupLoadedEditorAssemblies (926ms)
				LogAssemblyErrors (0ms)
				InitializePlatformSupportModulesInManaged (8ms)
				SetLoadedEditorAssemblies (1ms)
				RefreshPlugins (1ms)
				BeforeProcessingInitializeOnLoad (69ms)
				ProcessInitializeOnLoadAttributes (775ms)
				ProcessInitializeOnLoadMethodAttributes (64ms)
				AfterProcessingInitializeOnLoad (8ms)
				EditorAssembliesLoaded (0ms)
			ExecutionOrderSort2 (0ms)
			AwakeInstancesAfterBackupRestoration (8ms)
Platform modules already initialized, skipping
Refreshing native plugins compatible for Editor in 0.82 ms, found 3 plugins.
Preloading 0 native plugins for Editor in 0.00 ms.
Unloading 3138 Unused Serialized files (Serialized files now loaded: 0)
Unloading 25 unused Assets / (21.9 KB). Loaded Objects now: 3645.
Memory consumption went from 119.3 MB to 119.3 MB.
Total: 3.856400 ms (FindLiveObjects: 0.387000 ms CreateObjectMapping: 0.194400 ms MarkObjects: 3.248500 ms  DeleteObjects: 0.025200 ms)

AssetImportParameters requested are different than current active one (requested -> active):
  custom:video-decoder-ogg-theora: a1e56fd34408186e4bbccfd4996cb3dc -> 
  custom:container-muxer-webm: aa71ff27fc2769a1b78a27578f13a17b -> 
  custom:container-demuxer-webm: 4f35f7cbe854078d1ac9338744f61a02 -> 
  custom:video-encoder-webm-vp8: eb34c28f22e8b96e1ab97ce403110664 -> 
  custom:CustomObjectIndexerAttribute: bc11b3a6c3213fcdd17b65e7da85e133 -> 
  custom:audio-encoder-webm-vorbis: bf7c407c2cedff20999df2af8eb42d56 -> 
  custom:framework-win-MediaFoundation: 216162199b28c13a410421893ffa2e32 -> 
  custom:SearchIndexIgnoredProperties: e643bd26f0fe6173181afceb89e7c659 -> 
  custom:container-demuxer-ogg: 62fdf1f143b41e24485cea50d1cbac27 -> 
  custom:video-decoder-webm-vp8: 9c59270c3fd7afecdb556c50c9e8de78 -> 
  custom:audio-decoder-ogg-vorbis: bf7c407c2cedff20999df2af8eb42d56 -> 
========================================================================
Received Prepare
Registering precompiled user dll's ...
Registered in 0.010286 seconds.
Begin MonoManager ReloadAssembly
Native extension for WindowsStandalone target not found
Native extension for WebGL target not found
Refreshing native plugins compatible for Editor in 0.80 ms, found 3 plugins.
Preloading 0 native plugins for Editor in 0.00 ms.
[Package Manager] Server::EnsureServerProcessIsRunning -- launch failed, reason: Unity was launched with the -noUpm command-line argument
[Package Manager] Cannot connect to Unity Package Manager local server
Mono: successfully reloaded assembly
- Completed reload, in  1.921 seconds
Domain Reload Profiling:
	ReloadAssembly (1922ms)
		BeginReloadAssembly (224ms)
			ExecutionOrderSort (0ms)
			DisableScriptedObjects (7ms)
			BackupInstance (0ms)
			ReleaseScriptingObjects (0ms)
			CreateAndSetChildDomain (62ms)
		EndReloadAssembly (1555ms)
			LoadAssemblies (138ms)
			RebuildTransferFunctionScriptingTraits (0ms)
			SetupTypeCache (388ms)
			ReleaseScriptCaches (2ms)
			RebuildScriptCaches (54ms)
			SetupLoadedEditorAssemblies (963ms)
				LogAssemblyErrors (0ms)
				InitializePlatformSupportModulesInManaged (8ms)
				SetLoadedEditorAssemblies (1ms)
				RefreshPlugins (1ms)
				BeforeProcessingInitializeOnLoad (75ms)
				ProcessInitializeOnLoadAttributes (805ms)
				ProcessInitializeOnLoadMethodAttributes (67ms)
				AfterProcessingInitializeOnLoad (7ms)
				EditorAssembliesLoaded (0ms)
			ExecutionOrderSort2 (0ms)
			AwakeInstancesAfterBackupRestoration (8ms)
Platform modules already initialized, skipping
Refreshing native plugins compatible for Editor in 0.67 ms, found 3 plugins.
Preloading 0 native plugins for Editor in 0.00 ms.
Unloading 3138 Unused Serialized files (Serialized files now loaded: 0)
Unloading 25 unused Assets / (21.9 KB). Loaded Objects now: 3648.
Memory consumption went from 119.3 MB to 119.3 MB.
Total: 3.810900 ms (FindLiveObjects: 0.392100 ms CreateObjectMapping: 0.188300 ms MarkObjects: 3.206000 ms  DeleteObjects: 0.023600 ms)

AssetImportParameters requested are different than current active one (requested -> active):
  custom:video-decoder-ogg-theora: a1e56fd34408186e4bbccfd4996cb3dc -> 
  custom:container-muxer-webm: aa71ff27fc2769a1b78a27578f13a17b -> 
  custom:container-demuxer-webm: 4f35f7cbe854078d1ac9338744f61a02 -> 
  custom:video-encoder-webm-vp8: eb34c28f22e8b96e1ab97ce403110664 -> 
  custom:CustomObjectIndexerAttribute: bc11b3a6c3213fcdd17b65e7da85e133 -> 
  custom:audio-encoder-webm-vorbis: bf7c407c2cedff20999df2af8eb42d56 -> 
  custom:framework-win-MediaFoundation: 216162199b28c13a410421893ffa2e32 -> 
  custom:SearchIndexIgnoredProperties: e643bd26f0fe6173181afceb89e7c659 -> 
  custom:container-demuxer-ogg: 62fdf1f143b41e24485cea50d1cbac27 -> 
  custom:video-decoder-webm-vp8: 9c59270c3fd7afecdb556c50c9e8de78 -> 
  custom:audio-decoder-ogg-vorbis: bf7c407c2cedff20999df2af8eb42d56 -> 
========================================================================
Received Import Request.
  Time since last request: 233.358996 seconds.
  path: Assets/ObjectSlicingGameExample/OSG_Scripts/BallLauncher.cs
  artifactKey: Guid(aa4e043c8b41e694c94e511535845b88) Importer(815301076,1909f56bfc062723c751e8b465ee728b)
Number of updated assets reloaded before import = 0
Start importing Assets/ObjectSlicingGameExample/OSG_Scripts/BallLauncher.cs using Guid(aa4e043c8b41e694c94e511535845b88) Importer(815301076,1909f56bfc062723c751e8b465ee728b)  -> (artifact id: '28de31cdf6b02e2c05b5651f7049e434') in 0.012584 seconds 
Number of asset objects unloaded after import = 0
========================================================================
Received Import Request.
  Time since last request: 0.505986 seconds.
  path: Assets/ObjectSlicingGameExample/OSG_Scripts/CebianlanManager.cs
  artifactKey: Guid(2a1f28d1a54aaf04782a9ef8613d1325) Importer(815301076,1909f56bfc062723c751e8b465ee728b)
Number of updated assets reloaded before import = 0
Start importing Assets/ObjectSlicingGameExample/OSG_Scripts/CebianlanManager.cs using Guid(2a1f28d1a54aaf04782a9ef8613d1325) Importer(815301076,1909f56bfc062723c751e8b465ee728b)  -> (artifact id: 'c48be7e26f97b9f920eb7fb5a08d5e00') in 0.001946 seconds 
Number of asset objects unloaded after import = 0
========================================================================
Received Import Request.
  Time since last request: 1.415202 seconds.
  path: Assets/ObjectSlicingGameExample/OSG_Scripts/BallDestroyCombo.cs
  artifactKey: Guid(e4b85f08508ee794b801a892daee2575) Importer(815301076,1909f56bfc062723c751e8b465ee728b)
Number of updated assets reloaded before import = 0
Start importing Assets/ObjectSlicingGameExample/OSG_Scripts/BallDestroyCombo.cs using Guid(e4b85f08508ee794b801a892daee2575) Importer(815301076,1909f56bfc062723c751e8b465ee728b)  -> (artifact id: 'b3e7d8b90c550b2e735d32082a0f5ce3') in 0.002023 seconds 
Number of asset objects unloaded after import = 0
========================================================================
Received Import Request.
  Time since last request: 220.696235 seconds.
  path: Assets/ObjectSlicingGameExample/OSG_Prefabs/ScenePrefabs/OSG_Chill/___ObjectLaunchers(All)(Moded).prefab
  artifactKey: Guid(0ef2a4067d0c2b548b1a0354a3fb7246) Importer(815301076,1909f56bfc062723c751e8b465ee728b)
Number of updated assets reloaded before import = 0
Start importing Assets/ObjectSlicingGameExample/OSG_Prefabs/ScenePrefabs/OSG_Chill/___ObjectLaunchers(All)(Moded).prefab using Guid(0ef2a4067d0c2b548b1a0354a3fb7246) Importer(815301076,1909f56bfc062723c751e8b465ee728b)  -> (artifact id: '6e3bf5603a1d550200d5cd8789fabf71') in 0.219850 seconds 
Number of asset objects unloaded after import = 130
========================================================================
Received Import Request.
  Time since last request: 0.000026 seconds.
  path: Assets/ObjectSlicingGameExample/OSG_Prefabs/ScenePrefabs/OSG_Main/Directional light.prefab
  artifactKey: Guid(d8359106d859d7343ab209f062bbcc6f) Importer(815301076,1909f56bfc062723c751e8b465ee728b)
Number of updated assets reloaded before import = 0
Start importing Assets/ObjectSlicingGameExample/OSG_Prefabs/ScenePrefabs/OSG_Main/Directional light.prefab using Guid(d8359106d859d7343ab209f062bbcc6f) Importer(815301076,1909f56bfc062723c751e8b465ee728b)  -> (artifact id: 'cddcd443250ab8bb72ae25dc6c0f89b1') in 0.003875 seconds 
Number of asset objects unloaded after import = 5
========================================================================
Received Import Request.
  Time since last request: 0.000030 seconds.
  path: Assets/ObjectSlicingGameExample/OSG_Models/Materials/ColoredBallAtlas.mat
  artifactKey: Guid(607497516d9fe97408eec25b39540c45) Importer(815301076,1909f56bfc062723c751e8b465ee728b)
Number of updated assets reloaded before import = 0
Start importing Assets/ObjectSlicingGameExample/OSG_Models/Materials/ColoredBallAtlas.mat using Guid(607497516d9fe97408eec25b39540c45) Importer(815301076,1909f56bfc062723c751e8b465ee728b)  -> (artifact id: 'acadc8278c610001c971100e8f577f92') in 0.040409 seconds 
Number of asset objects unloaded after import = 2
========================================================================
Received Import Request.
  Time since last request: 0.000022 seconds.
  path: Assets/ObjectSlicingGameExample/OSG_Prefabs/BallPrefabs/_BallDebris/Animated(Cheaper)/BlueBall/BlueBall_Animated_VerticalSplit.prefab
  artifactKey: Guid(e9a1f80616a523c4ea05bb08baa2f303) Importer(815301076,1909f56bfc062723c751e8b465ee728b)
Number of updated assets reloaded before import = 0
Start importing Assets/ObjectSlicingGameExample/OSG_Prefabs/BallPrefabs/_BallDebris/Animated(Cheaper)/BlueBall/BlueBall_Animated_VerticalSplit.prefab using Guid(e9a1f80616a523c4ea05bb08baa2f303) Importer(815301076,1909f56bfc062723c751e8b465ee728b)  -> (artifact id: 'f11a54c406d4053cbe701132d27b40f2') in 0.016618 seconds 
Number of asset objects unloaded after import = 26
========================================================================
Received Import Request.
  Time since last request: 0.000022 seconds.
  path: Assets/ObjectSlicingGameExample/OSG_Models/Materials/Textures/BallCutTweenIcon.png
  artifactKey: Guid(f03695ee0ed7c734ebf651b527ba9d6f) Importer(815301076,1909f56bfc062723c751e8b465ee728b)
Number of updated assets reloaded before import = 0
Start importing Assets/ObjectSlicingGameExample/OSG_Models/Materials/Textures/BallCutTweenIcon.png using Guid(f03695ee0ed7c734ebf651b527ba9d6f) Importer(815301076,1909f56bfc062723c751e8b465ee728b)  -> (artifact id: '464b8c2b47ce9b4038fa48adeda3310c') in 0.041211 seconds 
Number of asset objects unloaded after import = 3
========================================================================
Received Import Request.
  Time since last request: 0.000020 seconds.
  path: Assets/ObjectSlicingGameExample/OSG_Sounds/SplatSounds/Blood Squirt-SoundBible.com-1808242738.wav
  artifactKey: Guid(752c92ff8157ac74e94ba25b1ff6b2f7) Importer(815301076,1909f56bfc062723c751e8b465ee728b)
Number of updated assets reloaded before import = 0
Start importing Assets/ObjectSlicingGameExample/OSG_Sounds/SplatSounds/Blood Squirt-SoundBible.com-1808242738.wav using Guid(752c92ff8157ac74e94ba25b1ff6b2f7) Importer(815301076,1909f56bfc062723c751e8b465ee728b)  -> (artifact id: 'afaac21056b21df83c75cbcd1692199d') in 0.103415 seconds 
Number of asset objects unloaded after import = 2
========================================================================
Received Import Request.
  Time since last request: 0.000023 seconds.
  path: Assets/ObjectSlicingGameExample/OSG_Prefabs/ScenePrefabs/OSG_Reg/Main Camera(Scene2_Game)(WithEffects).prefab
  artifactKey: Guid(7ba3f6c164f91f44c9858877fed8d3b4) Importer(815301076,1909f56bfc062723c751e8b465ee728b)
Number of updated assets reloaded before import = 0
Start importing Assets/ObjectSlicingGameExample/OSG_Prefabs/ScenePrefabs/OSG_Reg/Main Camera(Scene2_Game)(WithEffects).prefab using Guid(7ba3f6c164f91f44c9858877fed8d3b4) Importer(815301076,1909f56bfc062723c751e8b465ee728b)  -> (artifact id: '76b9c26109aeb5f06abc6cc5d3843e06') in 0.004240 seconds 
Number of asset objects unloaded after import = 10
========================================================================
Received Import Request.
  Time since last request: 0.000025 seconds.
  path: Assets/ObjectSlicingGameExample/OSG_Prefabs/ScenePrefabs/OSG_Chill/Main Camera(Scene2_Game)(WithEffects).prefab
  artifactKey: Guid(8ae11ec1694a1c44e865f94b4898bd84) Importer(815301076,1909f56bfc062723c751e8b465ee728b)
Number of updated assets reloaded before import = 0
Start importing Assets/ObjectSlicingGameExample/OSG_Prefabs/ScenePrefabs/OSG_Chill/Main Camera(Scene2_Game)(WithEffects).prefab using Guid(8ae11ec1694a1c44e865f94b4898bd84) Importer(815301076,1909f56bfc062723c751e8b465ee728b)  -> (artifact id: 'c48963dc3744ddc1e23f416d52cbeae8') in 0.003026 seconds 
Number of asset objects unloaded after import = 10
========================================================================
Received Import Request.
  Time since last request: 0.000014 seconds.
  path: Assets/ObjectSlicingGameExample/OSG_Prefabs/ScenePrefabs/OSG_Chill/OSG_SlicerTrailRendererParent.prefab
  artifactKey: Guid(1001b46a15747694b82144347e67b911) Importer(815301076,1909f56bfc062723c751e8b465ee728b)
Number of updated assets reloaded before import = 0
Start importing Assets/ObjectSlicingGameExample/OSG_Prefabs/ScenePrefabs/OSG_Chill/OSG_SlicerTrailRendererParent.prefab using Guid(1001b46a15747694b82144347e67b911) Importer(815301076,1909f56bfc062723c751e8b465ee728b)  -> (artifact id: 'afc867da2b06450d470f49bcc525a72d') in 0.009536 seconds 
Number of asset objects unloaded after import = 11
========================================================================
Received Import Request.
  Time since last request: 0.000017 seconds.
  path: Assets/ObjectSlicingGameExample/OSG_Prefabs/ScenePrefabs/OSG_Reg/OSG_SlicerTrailRendererParent.prefab
  artifactKey: Guid(715775dda8b2e3e46820210f33c41ad1) Importer(815301076,1909f56bfc062723c751e8b465ee728b)
Number of updated assets reloaded before import = 0
Start importing Assets/ObjectSlicingGameExample/OSG_Prefabs/ScenePrefabs/OSG_Reg/OSG_SlicerTrailRendererParent.prefab using Guid(715775dda8b2e3e46820210f33c41ad1) Importer(815301076,1909f56bfc062723c751e8b465ee728b)  -> (artifact id: 'bdf82772cd70b08f5ff1853b80f121a5') in 0.008703 seconds 
Number of asset objects unloaded after import = 11
========================================================================
Received Import Request.
  Time since last request: 0.000018 seconds.
  path: Assets/TextMesh Pro/Shaders/TMPro_Surface.cginc
  artifactKey: Guid(d930090c0cd643c7b55f19a38538c162) Importer(815301076,1909f56bfc062723c751e8b465ee728b)
Number of updated assets reloaded before import = 0
Start importing Assets/TextMesh Pro/Shaders/TMPro_Surface.cginc using Guid(d930090c0cd643c7b55f19a38538c162) Importer(815301076,1909f56bfc062723c751e8b465ee728b)  -> (artifact id: '7d808f99f35f7a7a0c0b02e6af78c4b1') in 0.003638 seconds 
Number of asset objects unloaded after import = 1
========================================================================
Received Import Request.
  Time since last request: 0.000015 seconds.
  path: Assets/ObjectSlicingGameExample/OSG_Fonts/gang_of_three/GangOfThree_Font_LicenseListing.png
  artifactKey: Guid(1d9260d49df8f70409ac073a870b5fba) Importer(815301076,1909f56bfc062723c751e8b465ee728b)
Number of updated assets reloaded before import = 0
Start importing Assets/ObjectSlicingGameExample/OSG_Fonts/gang_of_three/GangOfThree_Font_LicenseListing.png using Guid(1d9260d49df8f70409ac073a870b5fba) Importer(815301076,1909f56bfc062723c751e8b465ee728b)  -> (artifact id: '4c271f7c92036b669bb10454cedb3b63') in 0.008836 seconds 
Number of asset objects unloaded after import = 2
========================================================================
Received Import Request.
  Time since last request: 0.000016 seconds.
  path: Assets/ObjectSlicingGameExample/OSG_Prefabs/ScenePrefabs/OSG_Main/Main Camera(Scene1_Menu).prefab
  artifactKey: Guid(ed7e91125bb959c409f1b90d1cdf0481) Importer(815301076,1909f56bfc062723c751e8b465ee728b)
Number of updated assets reloaded before import = 0
Start importing Assets/ObjectSlicingGameExample/OSG_Prefabs/ScenePrefabs/OSG_Main/Main Camera(Scene1_Menu).prefab using Guid(ed7e91125bb959c409f1b90d1cdf0481) Importer(815301076,1909f56bfc062723c751e8b465ee728b)  -> (artifact id: 'e0cf0eaa58679cbafb2b20055b705816') in 0.002964 seconds 
Number of asset objects unloaded after import = 8
========================================================================
Received Import Request.
  Time since last request: 0.000016 seconds.
  path: Assets/ObjectSlicingGameExample/OSG_Prefabs/ScenePrefabs/OSG_Main/OSG_SlicerTrailRendererParent.prefab
  artifactKey: Guid(bd3bf94d43cd673419b5c3f7c477af8a) Importer(815301076,1909f56bfc062723c751e8b465ee728b)
Number of updated assets reloaded before import = 0
Start importing Assets/ObjectSlicingGameExample/OSG_Prefabs/ScenePrefabs/OSG_Main/OSG_SlicerTrailRendererParent.prefab using Guid(bd3bf94d43cd673419b5c3f7c477af8a) Importer(815301076,1909f56bfc062723c751e8b465ee728b)  -> (artifact id: '2e499033762543cc5c6ea58b84b2637d') in 0.010182 seconds 
Number of asset objects unloaded after import = 11
========================================================================
Received Import Request.
  Time since last request: 0.000019 seconds.
  path: Assets/ObjectSlicingGameExample/OSG_Models/Materials/ParticleSliceLine.mat
  artifactKey: Guid(5880cf24f2046f047b53a595cf8532f7) Importer(815301076,1909f56bfc062723c751e8b465ee728b)
Number of updated assets reloaded before import = 0
Start importing Assets/ObjectSlicingGameExample/OSG_Models/Materials/ParticleSliceLine.mat using Guid(5880cf24f2046f047b53a595cf8532f7) Importer(815301076,1909f56bfc062723c751e8b465ee728b)  -> (artifact id: '2d9bb9c7221d671c4bcc1671dbfc285a') in 0.041981 seconds 
Number of asset objects unloaded after import = 2
========================================================================
Received Import Request.
  Time since last request: 0.000028 seconds.
  path: Assets/ObjectSlicingGameExample/OSG_Models/OSG_LevelsRenderedToPlaneWithSlices(woodOnly(3)).fbx
  artifactKey: Guid(a2268a08e27f7744b9ff9d21058a0145) Importer(815301076,1909f56bfc062723c751e8b465ee728b)
Number of updated assets reloaded before import = 0
Start importing Assets/ObjectSlicingGameExample/OSG_Models/OSG_LevelsRenderedToPlaneWithSlices(woodOnly(3)).fbx using Guid(a2268a08e27f7744b9ff9d21058a0145) Importer(815301076,1909f56bfc062723c751e8b465ee728b)  -> (artifact id: '08e9e104a4d098707db2e24481cecb31') in 0.330896 seconds 
Number of asset objects unloaded after import = 9
========================================================================
Received Import Request.
  Time since last request: 0.000022 seconds.
  path: Assets/ObjectSlicingGameExample/OSG_Prefabs/ScenePrefabs/OSG_Chill/OSG_TouchSlicer.prefab
  artifactKey: Guid(c70af96db5892ca478e32db320e854c2) Importer(815301076,1909f56bfc062723c751e8b465ee728b)
Number of updated assets reloaded before import = 0
Start importing Assets/ObjectSlicingGameExample/OSG_Prefabs/ScenePrefabs/OSG_Chill/OSG_TouchSlicer.prefab using Guid(c70af96db5892ca478e32db320e854c2) Importer(815301076,1909f56bfc062723c751e8b465ee728b)  -> (artifact id: '3469c34383cf8c0e17dcc0f24e11587f') in 0.006539 seconds 
Number of asset objects unloaded after import = 22
========================================================================
Received Import Request.
  Time since last request: 0.000024 seconds.
  path: Assets/ObjectSlicingGameExample/OSG_Models/Materials/ChopperMaterialForTut.mat
  artifactKey: Guid(876b879af16e1b543b6037b17f9366be) Importer(815301076,1909f56bfc062723c751e8b465ee728b)
Number of updated assets reloaded before import = 0
Start importing Assets/ObjectSlicingGameExample/OSG_Models/Materials/ChopperMaterialForTut.mat using Guid(876b879af16e1b543b6037b17f9366be) Importer(815301076,1909f56bfc062723c751e8b465ee728b)  -> (artifact id: '45c529d07c320b23cc5a82c49bbb4c43') in 0.007935 seconds 
Number of asset objects unloaded after import = 2
========================================================================
Received Import Request.
  Time since last request: 0.000016 seconds.
  path: Assets/ObjectSlicingGameExample/OSG_Models/Materials/Textures/SliceAndStarBeams_SliceThin5.png
  artifactKey: Guid(2d3c8e6063e0d0249b7bd4b2ffd37b9b) Importer(815301076,1909f56bfc062723c751e8b465ee728b)
Number of updated assets reloaded before import = 0
Start importing Assets/ObjectSlicingGameExample/OSG_Models/Materials/Textures/SliceAndStarBeams_SliceThin5.png using Guid(2d3c8e6063e0d0249b7bd4b2ffd37b9b) Importer(815301076,1909f56bfc062723c751e8b465ee728b)  -> (artifact id: '7210330cd7e81dcbc2f11b45ae433321') in 0.006561 seconds 
Number of asset objects unloaded after import = 2
========================================================================
Received Import Request.
  Time since last request: 0.000013 seconds.
  path: Assets/ObjectSlicingGameExample/OSG_Prefabs/FruitExplosionParticleSystems/SliceParticlePrefabs/SimplerSlicePrefabs/BallDestroySlice_Vertical.prefab
  artifactKey: Guid(a9e8c5b38cb5aa84197278b0d6412d19) Importer(815301076,1909f56bfc062723c751e8b465ee728b)
Number of updated assets reloaded before import = 0
Start importing Assets/ObjectSlicingGameExample/OSG_Prefabs/FruitExplosionParticleSystems/SliceParticlePrefabs/SimplerSlicePrefabs/BallDestroySlice_Vertical.prefab using Guid(a9e8c5b38cb5aa84197278b0d6412d19) Importer(815301076,1909f56bfc062723c751e8b465ee728b)  -> (artifact id: 'd1fa07d63da6e6953e1d207b6fa25094') in 0.014244 seconds 
Number of asset objects unloaded after import = 9
========================================================================
Received Import Request.
  Time since last request: 0.000015 seconds.
  path: Assets/ObjectSlicingGameExample/OSG_Models/Materials/ChopChop.mat
  artifactKey: Guid(9b2266c739e716a46bfe160f3a3584c2) Importer(815301076,1909f56bfc062723c751e8b465ee728b)
Number of updated assets reloaded before import = 0
Start importing Assets/ObjectSlicingGameExample/OSG_Models/Materials/ChopChop.mat using Guid(9b2266c739e716a46bfe160f3a3584c2) Importer(815301076,1909f56bfc062723c751e8b465ee728b)  -> (artifact id: '879c092c35c5d2d19e7aa1bb09f7fc8c') in 0.007496 seconds 
Number of asset objects unloaded after import = 2
========================================================================
Received Import Request.
  Time since last request: 0.000016 seconds.
  path: Assets/ObjectSlicingGameExample/OSG_Fonts/Kaneiwa/Kaneiwa_Font_LicenseListing.png
  artifactKey: Guid(5262a4e06ba83a347bc6fa9bcfb215e3) Importer(815301076,1909f56bfc062723c751e8b465ee728b)
Number of updated assets reloaded before import = 0
Start importing Assets/ObjectSlicingGameExample/OSG_Fonts/Kaneiwa/Kaneiwa_Font_LicenseListing.png using Guid(5262a4e06ba83a347bc6fa9bcfb215e3) Importer(815301076,1909f56bfc062723c751e8b465ee728b)  -> (artifact id: '168a5c89a90e4c2fd5743fc6a50c7ca8') in 0.007326 seconds 
Number of asset objects unloaded after import = 2
========================================================================
Received Import Request.
  Time since last request: 0.000015 seconds.
  path: Assets/ObjectSlicingGameExample/OSG_Prefabs/ScenePrefabs/OSG_Reg/OSG_TouchSlicer.prefab
  artifactKey: Guid(3b65d17021aaf884491a2bbee752a57c) Importer(815301076,1909f56bfc062723c751e8b465ee728b)
Number of updated assets reloaded before import = 0
Start importing Assets/ObjectSlicingGameExample/OSG_Prefabs/ScenePrefabs/OSG_Reg/OSG_TouchSlicer.prefab using Guid(3b65d17021aaf884491a2bbee752a57c) Importer(815301076,1909f56bfc062723c751e8b465ee728b)  -> (artifact id: '5327c652a962f00fc82b744e10e1b36d') in 0.005198 seconds 
Number of asset objects unloaded after import = 22
========================================================================
Received Import Request.
  Time since last request: 0.000013 seconds.
  path: Assets/ObjectSlicingGameExample/OSG_Prefabs/ScenePrefabs/OSG_Main/OSG_TouchSlicer.prefab
  artifactKey: Guid(7cc8b64fab338294199e99eea3a628b2) Importer(815301076,1909f56bfc062723c751e8b465ee728b)
Number of updated assets reloaded before import = 0
Start importing Assets/ObjectSlicingGameExample/OSG_Prefabs/ScenePrefabs/OSG_Main/OSG_TouchSlicer.prefab using Guid(7cc8b64fab338294199e99eea3a628b2) Importer(815301076,1909f56bfc062723c751e8b465ee728b)  -> (artifact id: '3cc9807b2f8574aba5b7ca92d283e7b0') in 0.004854 seconds 
Number of asset objects unloaded after import = 22
========================================================================
Received Import Request.
  Time since last request: 0.000013 seconds.
  path: Assets/ObjectSlicingGameExample/OSG_Prefabs/FruitExplosionParticleSystems/SliceParticlePrefabs/SimplerSlicePrefabs/BallDestroySlice_1Diaganol.prefab
  artifactKey: Guid(898ccca045c046845a1f3c7c7413ce24) Importer(815301076,1909f56bfc062723c751e8b465ee728b)
Number of updated assets reloaded before import = 0
Start importing Assets/ObjectSlicingGameExample/OSG_Prefabs/FruitExplosionParticleSystems/SliceParticlePrefabs/SimplerSlicePrefabs/BallDestroySlice_1Diaganol.prefab using Guid(898ccca045c046845a1f3c7c7413ce24) Importer(815301076,1909f56bfc062723c751e8b465ee728b)  -> (artifact id: 'ba9b1ac99bf424e25bd04fd9f6f7d196') in 0.008883 seconds 
Number of asset objects unloaded after import = 9
========================================================================
Received Import Request.
  Time since last request: 0.000013 seconds.
  path: Assets/ObjectSlicingGameExample/OSG_Prefabs/FruitExplosionParticleSystems/SliceParticlePrefabs/SimplerSlicePrefabs/BallDestroySlice_Diaganol.prefab
  artifactKey: Guid(3571ea7a99bbe164895ca221f6f7a1f0) Importer(815301076,1909f56bfc062723c751e8b465ee728b)
Number of updated assets reloaded before import = 0
Start importing Assets/ObjectSlicingGameExample/OSG_Prefabs/FruitExplosionParticleSystems/SliceParticlePrefabs/SimplerSlicePrefabs/BallDestroySlice_Diaganol.prefab using Guid(3571ea7a99bbe164895ca221f6f7a1f0) Importer(815301076,1909f56bfc062723c751e8b465ee728b)  -> (artifact id: '541d81158babeb73f77b29e57e51c995') in 0.009516 seconds 
Number of asset objects unloaded after import = 9
========================================================================
Received Import Request.
  Time since last request: 0.000017 seconds.
  path: Assets/ObjectSlicingGameExample/OSG_Prefabs/ScenePrefabs/OSG_Reg/__GameController.prefab
  artifactKey: Guid(d9e6609419a66004ca463a5035bd36ff) Importer(815301076,1909f56bfc062723c751e8b465ee728b)
Number of updated assets reloaded before import = 0
Start importing Assets/ObjectSlicingGameExample/OSG_Prefabs/ScenePrefabs/OSG_Reg/__GameController.prefab using Guid(d9e6609419a66004ca463a5035bd36ff) Importer(815301076,1909f56bfc062723c751e8b465ee728b)  -> (artifact id: '21599dea4ce6f37d38d63f567fe2ebfa') in 0.012388 seconds 
Number of asset objects unloaded after import = 44
========================================================================
Received Import Request.
  Time since last request: 0.000016 seconds.
  path: Assets/ObjectSlicingGameExample/OSG_Prefabs/ScenePrefabs/OSG_Chill/Directional light.prefab
  artifactKey: Guid(8937afea871b4d94282689f563db1e99) Importer(815301076,1909f56bfc062723c751e8b465ee728b)
Number of updated assets reloaded before import = 0
Start importing Assets/ObjectSlicingGameExample/OSG_Prefabs/ScenePrefabs/OSG_Chill/Directional light.prefab using Guid(8937afea871b4d94282689f563db1e99) Importer(815301076,1909f56bfc062723c751e8b465ee728b)  -> (artifact id: 'f5cd7d5669bd97d6ee01889fc220c60a') in 0.002914 seconds 
Number of asset objects unloaded after import = 5
Editor requested this worker to shutdown with reason: Scaling down because of idle timeout
AssetImportWorker is now disconnected from the server
Process exiting
Exiting without the bug reporter. Application will terminate with return code 0